----------------------------------------
Timestamp: 08/08/2015 02:18:29 p.m.
Category: Information
Severity: Information
Machine: JONATAN
Servidor: Srv2-CLS 

Message: Inicializando Host de servicios Servicios

----------------------------------------
----------------------------------------
Timestamp: 08/08/2015 02:18:30 p.m.
Category: Information
Severity: Information
Machine: JONATAN
Servidor: Srv2-CLS 

Message: El servicio Servicios se inició correctamente

----------------------------------------
----------------------------------------
Timestamp: 08/08/2015 03:02:45 p.m.
Category: Information
Severity: Information
Machine: JONATAN
Servidor: Srv2-CLS 

Message: Inicializando Host de servicios Servicios

----------------------------------------
----------------------------------------
Timestamp: 08/08/2015 03:02:45 p.m.
Category: Information
Severity: Information
Machine: JONATAN
Servidor: Srv2-CLS 

Message: El servicio Servicios se inició correctamente

----------------------------------------
----------------------------------------
Timestamp: 08/08/2015 03:10:49 p.m.
Category: Information
Severity: Information
Machine: JONATAN
Servidor: Srv2-CLS 

Message: Inicializando Host de servicios Servicios

----------------------------------------
----------------------------------------
Timestamp: 08/08/2015 03:10:50 p.m.
Category: Information
Severity: Information
Machine: JONATAN
Servidor: Srv2-CLS 

Message: El servicio Servicios se inició correctamente

----------------------------------------
