----------------------------------------
Timestamp: 28/08/2015 04:47:30 p.m.
Category: Information
Severity: Information
Machine: JONATAN
Servidor: Srv2-CLS 

Message: Inicializando Host de servicios Servicios

----------------------------------------
----------------------------------------
Timestamp: 28/08/2015 04:47:31 p.m.
Category: Information
Severity: Information
Machine: JONATAN
Servidor: Srv2-CLS 

Message: El servicio Servicios se inició correctamente

----------------------------------------
----------------------------------------
Timestamp: 28/08/2015 04:48:52 p.m.
Category: Information
Severity: Information
Machine: JONATAN
Servidor: Srv2-CLS 

Message: Inicializando Host de servicios Servicios

----------------------------------------
----------------------------------------
Timestamp: 28/08/2015 04:48:53 p.m.
Category: Information
Severity: Information
Machine: JONATAN
Servidor: Srv2-CLS 

Message: El servicio Servicios se inició correctamente

----------------------------------------
----------------------------------------
Timestamp: 28/08/2015 05:18:54 p.m.
Category: Information
Severity: Information
Machine: JONATAN
Servidor: Srv2-CLS 

Message: Inicializando Host de servicios Servicios

----------------------------------------
----------------------------------------
Timestamp: 28/08/2015 05:18:55 p.m.
Category: Information
Severity: Information
Machine: JONATAN
Servidor: Srv2-CLS 

Message: El servicio Servicios se inició correctamente

----------------------------------------
