----------------------------------------
Timestamp: 10/12/2014 01:15:22 p.m.
Category: Information
Severity: Information
Machine: MAURICIO
Servidor: Srv2-CLS 

Message: Inicializando Host de servicios Servicios

----------------------------------------
----------------------------------------
Timestamp: 10/12/2014 01:15:22 p.m.
Category: Information
Severity: Information
Machine: MAURICIO
Servidor: Srv2-CLS 

Message: El servicio Servicios se inició correctamente

----------------------------------------
----------------------------------------
Timestamp: 10/12/2014 01:48:01 p.m.
Category: Information
Severity: Information
Machine: MAURICIO
Servidor: Srv2-CLS 

Message: Inicializando Host de servicios Servicios

----------------------------------------
----------------------------------------
Timestamp: 10/12/2014 01:48:03 p.m.
Category: Information
Severity: Information
Machine: MAURICIO
Servidor: Srv2-CLS 

Message: El servicio Servicios se inició correctamente

----------------------------------------
----------------------------------------
Timestamp: 10/12/2014 03:34:18 p.m.
Category: Information
Severity: Information
Machine: MAURICIO
Servidor: Srv2-CLS 

Message: Inicializando Host de servicios Servicios

----------------------------------------
----------------------------------------
Timestamp: 10/12/2014 03:34:19 p.m.
Category: Information
Severity: Information
Machine: MAURICIO
Servidor: Srv2-CLS 

Message: El servicio Servicios se inició correctamente

----------------------------------------
----------------------------------------
Timestamp: 10/12/2014 04:58:49 p.m.
Category: Information
Severity: Information
Machine: MAURICIO
Servidor: Srv2-CLS 

Message: Inicializando Host de servicios Servicios

----------------------------------------
----------------------------------------
Timestamp: 10/12/2014 04:58:49 p.m.
Category: Information
Severity: Information
Machine: MAURICIO
Servidor: Srv2-CLS 

Message: El servicio Servicios se inició correctamente

----------------------------------------
----------------------------------------
Timestamp: 10/12/2014 06:17:57 p.m.
Category: Information
Severity: Information
Machine: MAURICIO
Servidor: Srv2-CLS 

Message: Inicializando Host de servicios Servicios

----------------------------------------
----------------------------------------
Timestamp: 10/12/2014 06:17:57 p.m.
Category: Information
Severity: Information
Machine: MAURICIO
Servidor: Srv2-CLS 

Message: El servicio Servicios se inició correctamente

----------------------------------------
----------------------------------------
Timestamp: 10/12/2014 06:28:55 p.m.
Category: Information
Severity: Information
Machine: MAURICIO
Servidor: Srv2-CLS 

Message: Inicializando Host de servicios Servicios

----------------------------------------
----------------------------------------
Timestamp: 10/12/2014 06:28:56 p.m.
Category: Information
Severity: Information
Machine: MAURICIO
Servidor: Srv2-CLS 

Message: El servicio Servicios se inició correctamente

----------------------------------------
----------------------------------------
Timestamp: 11/12/2014 12:22:41 p.m.
Category: Information
Severity: Information
Machine: MAURICIO
Servidor: Srv2-CLS 

Message: Inicializando Host de servicios Servicios

----------------------------------------
----------------------------------------
Timestamp: 11/12/2014 12:22:42 p.m.
Category: Information
Severity: Information
Machine: MAURICIO
Servidor: Srv2-CLS 

Message: El servicio Servicios se inició correctamente

----------------------------------------
