----------------------------------------

           Version: 
           Category: Information
           Severity: Information
           Machine: JONATAN
           application Domain: POS.UserInterface.exe
                      
           Message: Inicializando Host de servicios Servicios

----------------------------------------
----------------------------------------

           Version: 
           Category: Information
           Severity: Information
           Machine: JONATAN
           application Domain: POS.UserInterface.exe
                      
           Message: El servicio Servicios se inici贸 correctamente

----------------------------------------
----------------------------------------

           Version: 
           Category: Information
           Severity: Information
           Machine: JONATAN
           application Domain: POS.UserInterface.exe
                      
           Message: Inicializando Host de servicios Servicios

----------------------------------------
----------------------------------------

           Version: 
           Category: Information
           Severity: Information
           Machine: JONATAN
           application Domain: POS.UserInterface.exe
                      
           Message: El servicio Servicios se inici贸 correctamente

----------------------------------------
----------------------------------------

           Version: 
           Category: Information
           Severity: Information
           Machine: JONATAN
           application Domain: POS.UserInterface.exe
                      
           Message: Inicializando Host de servicios Servicios

----------------------------------------
----------------------------------------

           Version: 
           Category: Information
           Severity: Information
           Machine: JONATAN
           application Domain: POS.UserInterface.exe
                      
           Message: El servicio Servicios se inici贸 correctamente

----------------------------------------
----------------------------------------

           Version: 
           Category: Information
           Severity: Information
           Machine: JONATAN
           application Domain: POS.UserInterface.exe
                      
           Message: Inicializando Host de servicios Servicios

----------------------------------------
----------------------------------------

           Version: 
           Category: Information
           Severity: Information
           Machine: JONATAN
           application Domain: POS.UserInterface.exe
                      
           Message: El servicio Servicios se inici贸 correctamente

----------------------------------------
